{"F:\\ReactProject\\src\\components\\Body.js": {"path":"F:\\ReactProject\\src\\components\\Body.js","statementMap":{"0":{"start":{"line":10,"column":13},"end":{"line":175,"column":1}},"1":{"start":{"line":13,"column":52},"end":{"line":13,"column":64}},"2":{"start":{"line":14,"column":54},"end":{"line":14,"column":66}},"3":{"start":{"line":15,"column":42},"end":{"line":15,"column":57}},"4":{"start":{"line":17,"column":38},"end":{"line":17,"column":50}},"5":{"start":{"line":19,"column":33},"end":{"line":19,"column":66}},"6":{"start":{"line":24,"column":2},"end":{"line":27,"column":9}},"7":{"start":{"line":26,"column":4},"end":{"line":26,"column":16}},"8":{"start":{"line":29,"column":40},"end":{"line":29,"column":63}},"9":{"start":{"line":31,"column":20},"end":{"line":47,"column":3}},"10":{"start":{"line":32,"column":17},"end":{"line":34,"column":5}},"11":{"start":{"line":36,"column":17},"end":{"line":36,"column":34}},"12":{"start":{"line":39,"column":4},"end":{"line":42,"column":6}},"13":{"start":{"line":43,"column":4},"end":{"line":46,"column":6}},"14":{"start":{"line":49,"column":23},"end":{"line":49,"column":40}},"15":{"start":{"line":50,"column":2},"end":{"line":53,"column":6}},"16":{"start":{"line":51,"column":4},"end":{"line":53,"column":6}},"17":{"start":{"line":67,"column":2},"end":{"line":174,"column":4}},"18":{"start":{"line":80,"column":14},"end":{"line":80,"column":44}},"19":{"start":{"line":88,"column":14},"end":{"line":88,"column":38}},"20":{"start":{"line":90,"column":41},"end":{"line":99,"column":15}},"21":{"start":{"line":92,"column":18},"end":{"line":98,"column":55}},"22":{"start":{"line":103,"column":14},"end":{"line":103,"column":56}},"23":{"start":{"line":115,"column":29},"end":{"line":115,"column":56}},"24":{"start":{"line":130,"column":35},"end":{"line":132,"column":15}},"25":{"start":{"line":131,"column":25},"end":{"line":131,"column":49}},"26":{"start":{"line":133,"column":14},"end":{"line":133,"column":49}},"27":{"start":{"line":134,"column":14},"end":{"line":134,"column":36}},"28":{"start":{"line":144,"column":16},"end":{"line":144,"column":46}},"29":{"start":{"line":145,"column":16},"end":{"line":145,"column":39}},"30":{"start":{"line":158,"column":10},"end":{"line":170,"column":17}}},"fnMap":{"0":{"name":"(anonymous_0)","decl":{"start":{"line":10,"column":13},"end":{"line":10,"column":14}},"loc":{"start":{"line":10,"column":19},"end":{"line":175,"column":1}},"line":10},"1":{"name":"(anonymous_1)","decl":{"start":{"line":24,"column":12},"end":{"line":24,"column":13}},"loc":{"start":{"line":24,"column":18},"end":{"line":27,"column":3}},"line":24},"2":{"name":"(anonymous_2)","decl":{"start":{"line":31,"column":20},"end":{"line":31,"column":21}},"loc":{"start":{"line":31,"column":32},"end":{"line":47,"column":3}},"line":31},"3":{"name":"(anonymous_3)","decl":{"start":{"line":79,"column":22},"end":{"line":79,"column":23}},"loc":{"start":{"line":79,"column":29},"end":{"line":81,"column":13}},"line":79},"4":{"name":"(anonymous_4)","decl":{"start":{"line":85,"column":21},"end":{"line":85,"column":22}},"loc":{"start":{"line":85,"column":27},"end":{"line":104,"column":13}},"line":85},"5":{"name":"(anonymous_5)","decl":{"start":{"line":91,"column":16},"end":{"line":91,"column":17}},"loc":{"start":{"line":92,"column":18},"end":{"line":98,"column":55}},"line":92},"6":{"name":"(anonymous_6)","decl":{"start":{"line":115,"column":22},"end":{"line":115,"column":23}},"loc":{"start":{"line":115,"column":29},"end":{"line":115,"column":56}},"line":115},"7":{"name":"(anonymous_7)","decl":{"start":{"line":123,"column":21},"end":{"line":123,"column":22}},"loc":{"start":{"line":123,"column":27},"end":{"line":135,"column":13}},"line":123},"8":{"name":"(anonymous_8)","decl":{"start":{"line":131,"column":16},"end":{"line":131,"column":17}},"loc":{"start":{"line":131,"column":25},"end":{"line":131,"column":49}},"line":131},"9":{"name":"(anonymous_9)","decl":{"start":{"line":143,"column":23},"end":{"line":143,"column":24}},"loc":{"start":{"line":143,"column":29},"end":{"line":146,"column":15}},"line":143},"10":{"name":"(anonymous_10)","decl":{"start":{"line":157,"column":32},"end":{"line":157,"column":33}},"loc":{"start":{"line":158,"column":10},"end":{"line":170,"column":17}},"line":158}},"branchMap":{"0":{"loc":{"start":{"line":50,"column":2},"end":{"line":53,"column":6}},"type":"if","locations":[{"start":{"line":50,"column":2},"end":{"line":53,"column":6}},{"start":{},"end":{}}],"line":50},"1":{"loc":{"start":{"line":67,"column":9},"end":{"line":174,"column":3}},"type":"cond-expr","locations":[{"start":{"line":68,"column":4},"end":{"line":68,"column":15}},{"start":{"line":70,"column":4},"end":{"line":173,"column":10}}],"line":67},"2":{"loc":{"start":{"line":92,"column":18},"end":{"line":98,"column":55}},"type":"binary-expr","locations":[{"start":{"line":92,"column":18},"end":{"line":94,"column":55}},{"start":{"line":95,"column":18},"end":{"line":98,"column":55}}],"line":92},"3":{"loc":{"start":{"line":140,"column":11},"end":{"line":150,"column":11}},"type":"binary-expr","locations":[{"start":{"line":140,"column":11},"end":{"line":140,"column":23}},{"start":{"line":141,"column":12},"end":{"line":149,"column":21}}],"line":140},"4":{"loc":{"start":{"line":165,"column":13},"end":{"line":169,"column":13}},"type":"cond-expr","locations":[{"start":{"line":166,"column":14},"end":{"line":166,"column":61}},{"start":{"line":168,"column":14},"end":{"line":168,"column":53}}],"line":165}},"s":{"0":1,"1":7,"2":7,"3":7,"4":7,"5":7,"6":7,"7":2,"8":7,"9":7,"10":2,"11":2,"12":2,"13":2,"14":7,"15":7,"16":0,"17":7,"18":1,"19":1,"20":1,"21":16,"22":1,"23":0,"24":1,"25":16,"26":1,"27":1,"28":0,"29":0,"30":66},"f":{"0":7,"1":2,"2":2,"3":1,"4":1,"5":16,"6":0,"7":1,"8":16,"9":0,"10":66},"b":{"0":[0,7],"1":[2,5],"2":[16,15],"3":[5,1],"4":[16,50]},"_coverageSchema":"1a1c01bbd47fc00a2c39e90264f33305004495a9","hash":"9c5806d77b4dcd5e0adc94471a79bba3bdd30de3"}
,"F:\\ReactProject\\src\\components\\Cart.js": {"path":"F:\\ReactProject\\src\\components\\Cart.js","statementMap":{"0":{"start":{"line":5,"column":13},"end":{"line":30,"column":1}},"1":{"start":{"line":6,"column":20},"end":{"line":6,"column":60}},"2":{"start":{"line":6,"column":43},"end":{"line":6,"column":59}},"3":{"start":{"line":8,"column":19},"end":{"line":8,"column":32}},"4":{"start":{"line":9,"column":26},"end":{"line":11,"column":3}},"5":{"start":{"line":10,"column":4},"end":{"line":10,"column":26}},"6":{"start":{"line":15,"column":2},"end":{"line":29,"column":4}}},"fnMap":{"0":{"name":"(anonymous_0)","decl":{"start":{"line":5,"column":13},"end":{"line":5,"column":14}},"loc":{"start":{"line":5,"column":19},"end":{"line":30,"column":1}},"line":5},"1":{"name":"(anonymous_1)","decl":{"start":{"line":6,"column":32},"end":{"line":6,"column":33}},"loc":{"start":{"line":6,"column":43},"end":{"line":6,"column":59}},"line":6},"2":{"name":"(anonymous_2)","decl":{"start":{"line":9,"column":26},"end":{"line":9,"column":27}},"loc":{"start":{"line":9,"column":31},"end":{"line":11,"column":3}},"line":9}},"branchMap":{"0":{"loc":{"start":{"line":25,"column":9},"end":{"line":25,"column":83}},"type":"binary-expr","locations":[{"start":{"line":25,"column":9},"end":{"line":25,"column":30}},{"start":{"line":25,"column":34},"end":{"line":25,"column":83}}],"line":25}},"s":{"0":1,"1":1,"2":2,"3":1,"4":1,"5":0,"6":1},"f":{"0":1,"1":2,"2":0},"b":{"0":[1,1]},"_coverageSchema":"1a1c01bbd47fc00a2c39e90264f33305004495a9","hash":"c2ffedc967d7be27613b45c787e54204a4d5f809"}
,"F:\\ReactProject\\src\\components\\Contact.js": {"path":"F:\\ReactProject\\src\\components\\Contact.js","statementMap":{"0":{"start":{"line":1,"column":16},"end":{"line":40,"column":1}},"1":{"start":{"line":2,"column":2},"end":{"line":39,"column":4}}},"fnMap":{"0":{"name":"(anonymous_0)","decl":{"start":{"line":1,"column":16},"end":{"line":1,"column":17}},"loc":{"start":{"line":1,"column":22},"end":{"line":40,"column":1}},"line":1}},"branchMap":{},"s":{"0":1,"1":4},"f":{"0":4},"b":{},"_coverageSchema":"1a1c01bbd47fc00a2c39e90264f33305004495a9","hash":"d3e81213be5dd67370541d50c589eedfbe338efb"}
,"F:\\ReactProject\\src\\components\\Header.js": {"path":"F:\\ReactProject\\src\\components\\Header.js","statementMap":{"0":{"start":{"line":8,"column":15},"end":{"line":61,"column":1}},"1":{"start":{"line":9,"column":42},"end":{"line":9,"column":59}},"2":{"start":{"line":12,"column":23},"end":{"line":12,"column":40}},"3":{"start":{"line":14,"column":27},"end":{"line":14,"column":50}},"4":{"start":{"line":18,"column":20},"end":{"line":18,"column":60}},"5":{"start":{"line":18,"column":43},"end":{"line":18,"column":59}},"6":{"start":{"line":21,"column":2},"end":{"line":60,"column":4}},"7":{"start":{"line":49,"column":14},"end":{"line":51,"column":43}}},"fnMap":{"0":{"name":"(anonymous_0)","decl":{"start":{"line":8,"column":15},"end":{"line":8,"column":16}},"loc":{"start":{"line":8,"column":21},"end":{"line":61,"column":1}},"line":8},"1":{"name":"(anonymous_1)","decl":{"start":{"line":18,"column":32},"end":{"line":18,"column":33}},"loc":{"start":{"line":18,"column":43},"end":{"line":18,"column":59}},"line":18},"2":{"name":"(anonymous_2)","decl":{"start":{"line":47,"column":21},"end":{"line":47,"column":22}},"loc":{"start":{"line":47,"column":27},"end":{"line":52,"column":13}},"line":47}},"branchMap":{"0":{"loc":{"start":{"line":28,"column":47},"end":{"line":28,"column":72}},"type":"cond-expr","locations":[{"start":{"line":28,"column":62},"end":{"line":28,"column":65}},{"start":{"line":28,"column":68},"end":{"line":28,"column":72}}],"line":28},"1":{"loc":{"start":{"line":49,"column":14},"end":{"line":51,"column":42}},"type":"cond-expr","locations":[{"start":{"line":50,"column":18},"end":{"line":50,"column":43}},{"start":{"line":51,"column":18},"end":{"line":51,"column":42}}],"line":49}},"s":{"0":2,"1":6,"2":6,"3":6,"4":6,"5":11,"6":6,"7":1},"f":{"0":6,"1":11,"2":1},"b":{"0":[6,0],"1":[1,0]},"_coverageSchema":"1a1c01bbd47fc00a2c39e90264f33305004495a9","hash":"c84d653de170372e5bb783d1d2f4c1c50b972d16"}
,"F:\\ReactProject\\src\\components\\ItemList.js": {"path":"F:\\ReactProject\\src\\components\\ItemList.js","statementMap":{"0":{"start":{"line":5,"column":17},"end":{"line":57,"column":1}},"1":{"start":{"line":14,"column":19},"end":{"line":14,"column":32}},"2":{"start":{"line":15,"column":24},"end":{"line":19,"column":3}},"3":{"start":{"line":18,"column":4},"end":{"line":18,"column":28}},"4":{"start":{"line":21,"column":2},"end":{"line":56,"column":4}},"5":{"start":{"line":24,"column":8},"end":{"line":53,"column":14}},"6":{"start":{"line":45,"column":31},"end":{"line":45,"column":50}}},"fnMap":{"0":{"name":"(anonymous_0)","decl":{"start":{"line":5,"column":17},"end":{"line":5,"column":18}},"loc":{"start":{"line":5,"column":39},"end":{"line":57,"column":1}},"line":5},"1":{"name":"(anonymous_1)","decl":{"start":{"line":15,"column":24},"end":{"line":15,"column":25}},"loc":{"start":{"line":15,"column":34},"end":{"line":19,"column":3}},"line":15},"2":{"name":"(anonymous_2)","decl":{"start":{"line":23,"column":18},"end":{"line":23,"column":19}},"loc":{"start":{"line":24,"column":8},"end":{"line":53,"column":14}},"line":24},"3":{"name":"(anonymous_3)","decl":{"start":{"line":45,"column":25},"end":{"line":45,"column":26}},"loc":{"start":{"line":45,"column":31},"end":{"line":45,"column":50}},"line":45}},"branchMap":{"0":{"loc":{"start":{"line":34,"column":17},"end":{"line":36,"column":53}},"type":"cond-expr","locations":[{"start":{"line":35,"column":20},"end":{"line":35,"column":46}},{"start":{"line":36,"column":20},"end":{"line":36,"column":53}}],"line":34}},"s":{"0":1,"1":1,"2":1,"3":0,"4":1,"5":0,"6":0},"f":{"0":1,"1":0,"2":0,"3":0},"b":{"0":[0,0]},"_coverageSchema":"1a1c01bbd47fc00a2c39e90264f33305004495a9","hash":"f758194dd8768c7047c5cc1045fbf70da1fe8902"}
,"F:\\ReactProject\\src\\components\\RestaurantCard.js": {"path":"F:\\ReactProject\\src\\components\\RestaurantCard.js","statementMap":{"0":{"start":{"line":6,"column":23},"end":{"line":61,"column":1}},"1":{"start":{"line":8,"column":22},"end":{"line":8,"column":27}},"2":{"start":{"line":9,"column":2},"end":{"line":9,"column":23}},"3":{"start":{"line":12,"column":4},"end":{"line":12,"column":23}},"4":{"start":{"line":13,"column":27},"end":{"line":13,"column":51}},"5":{"start":{"line":26,"column":27},"end":{"line":26,"column":50}},"6":{"start":{"line":28,"column":2},"end":{"line":60,"column":4}},"7":{"start":{"line":67,"column":33},"end":{"line":78,"column":1}},"8":{"start":{"line":68,"column":2},"end":{"line":77,"column":4}},"9":{"start":{"line":69,"column":4},"end":{"line":76,"column":6}}},"fnMap":{"0":{"name":"(anonymous_0)","decl":{"start":{"line":6,"column":23},"end":{"line":6,"column":24}},"loc":{"start":{"line":6,"column":34},"end":{"line":61,"column":1}},"line":6},"1":{"name":"(anonymous_1)","decl":{"start":{"line":67,"column":33},"end":{"line":67,"column":34}},"loc":{"start":{"line":67,"column":53},"end":{"line":78,"column":1}},"line":67},"2":{"name":"(anonymous_2)","decl":{"start":{"line":68,"column":9},"end":{"line":68,"column":10}},"loc":{"start":{"line":68,"column":20},"end":{"line":77,"column":3}},"line":68}},"branchMap":{"0":{"loc":{"start":{"line":12,"column":4},"end":{"line":12,"column":23}},"type":"binary-expr","locations":[{"start":{"line":12,"column":4},"end":{"line":12,"column":17}},{"start":{"line":12,"column":21},"end":{"line":12,"column":23}}],"line":12},"1":{"loc":{"start":{"line":13,"column":27},"end":{"line":13,"column":51}},"type":"binary-expr","locations":[{"start":{"line":13,"column":27},"end":{"line":13,"column":45}},{"start":{"line":13,"column":49},"end":{"line":13,"column":51}}],"line":13},"2":{"loc":{"start":{"line":45,"column":11},"end":{"line":47,"column":37}},"type":"cond-expr","locations":[{"start":{"line":46,"column":14},"end":{"line":46,"column":33}},{"start":{"line":47,"column":14},"end":{"line":47,"column":37}}],"line":45}},"s":{"0":2,"1":67,"2":67,"3":67,"4":67,"5":67,"6":67,"7":2,"8":7,"9":16},"f":{"0":67,"1":7,"2":16},"b":{"0":[67,1],"1":[67,1],"2":[66,1]},"_coverageSchema":"1a1c01bbd47fc00a2c39e90264f33305004495a9","hash":"388c564e11c96f8da096735dd05777be5ba64e8f"}
,"F:\\ReactProject\\src\\components\\RestaurantCategory.js": {"path":"F:\\ReactProject\\src\\components\\RestaurantCategory.js","statementMap":{"0":{"start":{"line":4,"column":27},"end":{"line":33,"column":1}},"1":{"start":{"line":5,"column":22},"end":{"line":7,"column":3}},"2":{"start":{"line":6,"column":4},"end":{"line":6,"column":19}},"3":{"start":{"line":8,"column":2},"end":{"line":32,"column":4}},"4":{"start":{"line":22,"column":10},"end":{"line":28,"column":16}}},"fnMap":{"0":{"name":"(anonymous_0)","decl":{"start":{"line":4,"column":27},"end":{"line":4,"column":28}},"loc":{"start":{"line":4,"column":73},"end":{"line":33,"column":1}},"line":4},"1":{"name":"(anonymous_1)","decl":{"start":{"line":5,"column":22},"end":{"line":5,"column":23}},"loc":{"start":{"line":5,"column":28},"end":{"line":7,"column":3}},"line":5},"2":{"name":"(anonymous_2)","decl":{"start":{"line":21,"column":31},"end":{"line":21,"column":32}},"loc":{"start":{"line":22,"column":10},"end":{"line":28,"column":16}},"line":22}},"branchMap":{"0":{"loc":{"start":{"line":26,"column":13},"end":{"line":26,"column":79}},"type":"binary-expr","locations":[{"start":{"line":26,"column":13},"end":{"line":26,"column":22}},{"start":{"line":26,"column":26},"end":{"line":26,"column":79}}],"line":26}},"s":{"0":1,"1":0,"2":0,"3":0,"4":0},"f":{"0":0,"1":0,"2":0},"b":{"0":[0,0]},"_coverageSchema":"1a1c01bbd47fc00a2c39e90264f33305004495a9","hash":"e9d4ba6c1489d0ef69f788449cd47d8c3127556b"}
,"F:\\ReactProject\\src\\components\\RestaurantMenu.js": {"path":"F:\\ReactProject\\src\\components\\RestaurantMenu.js","statementMap":{"0":{"start":{"line":7,"column":23},"end":{"line":53,"column":1}},"1":{"start":{"line":8,"column":20},"end":{"line":8,"column":31}},"2":{"start":{"line":10,"column":16},"end":{"line":10,"column":28}},"3":{"start":{"line":12,"column":18},"end":{"line":12,"column":42}},"4":{"start":{"line":14,"column":36},"end":{"line":14,"column":50}},"5":{"start":{"line":16,"column":2},"end":{"line":16,"column":43}},"6":{"start":{"line":16,"column":24},"end":{"line":16,"column":43}},"7":{"start":{"line":19,"column":2},"end":{"line":19,"column":45}},"8":{"start":{"line":22,"column":2},"end":{"line":22,"column":86}},"9":{"start":{"line":23,"column":4},"end":{"line":23,"column":27}},"10":{"start":{"line":27,"column":4},"end":{"line":31,"column":5}},"11":{"start":{"line":29,"column":8},"end":{"line":30,"column":76}},"12":{"start":{"line":34,"column":2},"end":{"line":52,"column":4}},"13":{"start":{"line":43,"column":8},"end":{"line":49,"column":10}},"14":{"start":{"line":47,"column":30},"end":{"line":47,"column":49}}},"fnMap":{"0":{"name":"(anonymous_0)","decl":{"start":{"line":7,"column":23},"end":{"line":7,"column":24}},"loc":{"start":{"line":7,"column":29},"end":{"line":53,"column":1}},"line":7},"1":{"name":"(anonymous_1)","decl":{"start":{"line":28,"column":6},"end":{"line":28,"column":7}},"loc":{"start":{"line":29,"column":8},"end":{"line":30,"column":76}},"line":29},"2":{"name":"(anonymous_2)","decl":{"start":{"line":41,"column":22},"end":{"line":41,"column":23}},"loc":{"start":{"line":43,"column":8},"end":{"line":49,"column":10}},"line":43},"3":{"name":"(anonymous_3)","decl":{"start":{"line":47,"column":24},"end":{"line":47,"column":25}},"loc":{"start":{"line":47,"column":30},"end":{"line":47,"column":49}},"line":47}},"branchMap":{"0":{"loc":{"start":{"line":16,"column":2},"end":{"line":16,"column":43}},"type":"if","locations":[{"start":{"line":16,"column":2},"end":{"line":16,"column":43}},{"start":{},"end":{}}],"line":16},"1":{"loc":{"start":{"line":19,"column":2},"end":{"line":19,"column":45}},"type":"binary-expr","locations":[{"start":{"line":19,"column":2},"end":{"line":19,"column":39}},{"start":{"line":19,"column":43},"end":{"line":19,"column":45}}],"line":19},"2":{"loc":{"start":{"line":22,"column":2},"end":{"line":22,"column":86}},"type":"binary-expr","locations":[{"start":{"line":22,"column":2},"end":{"line":22,"column":80}},{"start":{"line":22,"column":84},"end":{"line":22,"column":86}}],"line":22},"3":{"loc":{"start":{"line":46,"column":21},"end":{"line":46,"column":55}},"type":"cond-expr","locations":[{"start":{"line":46,"column":43},"end":{"line":46,"column":47}},{"start":{"line":46,"column":50},"end":{"line":46,"column":55}}],"line":46}},"s":{"0":1,"1":1,"2":1,"3":1,"4":1,"5":1,"6":1,"7":0,"8":0,"9":0,"10":0,"11":0,"12":0,"13":0,"14":0},"f":{"0":1,"1":0,"2":0,"3":0},"b":{"0":[1,0],"1":[0,0],"2":[0,0],"3":[0,0]},"_coverageSchema":"1a1c01bbd47fc00a2c39e90264f33305004495a9","hash":"92601734ebe57672f0f6458d37d6f7bf66e559ae"}
,"F:\\ReactProject\\src\\components\\Shimmer.js": {"path":"F:\\ReactProject\\src\\components\\Shimmer.js","statementMap":{"0":{"start":{"line":3,"column":16},"end":{"line":12,"column":1}},"1":{"start":{"line":4,"column":2},"end":{"line":11,"column":4}}},"fnMap":{"0":{"name":"(anonymous_0)","decl":{"start":{"line":3,"column":16},"end":{"line":3,"column":17}},"loc":{"start":{"line":3,"column":22},"end":{"line":12,"column":1}},"line":3}},"branchMap":{},"s":{"0":2,"1":3},"f":{"0":3},"b":{},"_coverageSchema":"1a1c01bbd47fc00a2c39e90264f33305004495a9","hash":"c0fca0b530291a02dab43ee033e75860d8999aac"}
,"F:\\ReactProject\\src\\components\\sum.js": {"path":"F:\\ReactProject\\src\\components\\sum.js","statementMap":{"0":{"start":{"line":3,"column":19},"end":{"line":5,"column":1}},"1":{"start":{"line":4,"column":4},"end":{"line":4,"column":15}}},"fnMap":{"0":{"name":"(anonymous_0)","decl":{"start":{"line":3,"column":19},"end":{"line":3,"column":20}},"loc":{"start":{"line":3,"column":28},"end":{"line":5,"column":1}},"line":3}},"branchMap":{},"s":{"0":1,"1":1},"f":{"0":1},"b":{},"_coverageSchema":"1a1c01bbd47fc00a2c39e90264f33305004495a9","hash":"91867f49b653305e256d700135070387c8e2163c"}
,"F:\\ReactProject\\src\\utils\\UserContext.js": {"path":"F:\\ReactProject\\src\\utils\\UserContext.js","statementMap":{"0":{"start":{"line":3,"column":20},"end":{"line":5,"column":2}}},"fnMap":{},"branchMap":{},"s":{"0":4},"f":{},"b":{},"_coverageSchema":"1a1c01bbd47fc00a2c39e90264f33305004495a9","hash":"bbbccb9b0f32d3cb4d63c2de41ba326dab03c199"}
,"F:\\ReactProject\\src\\utils\\appStore.js": {"path":"F:\\ReactProject\\src\\utils\\appStore.js","statementMap":{"0":{"start":{"line":4,"column":17},"end":{"line":8,"column":2}}},"fnMap":{},"branchMap":{},"s":{"0":2},"f":{},"b":{},"_coverageSchema":"1a1c01bbd47fc00a2c39e90264f33305004495a9","hash":"33cb8012c197a670fbda86263c71caf260618c61"}
,"F:\\ReactProject\\src\\utils\\cartSlice.js": {"path":"F:\\ReactProject\\src\\utils\\cartSlice.js","statementMap":{"0":{"start":{"line":3,"column":18},"end":{"line":32,"column":2}},"1":{"start":{"line":17,"column":12},"end":{"line":17,"column":45}},"2":{"start":{"line":20,"column":12},"end":{"line":20,"column":30}},"3":{"start":{"line":28,"column":12},"end":{"line":28,"column":35}},"4":{"start":{"line":34,"column":48},"end":{"line":34,"column":65}}},"fnMap":{"0":{"name":"(anonymous_0)","decl":{"start":{"line":9,"column":17},"end":{"line":9,"column":18}},"loc":{"start":{"line":9,"column":35},"end":{"line":18,"column":9}},"line":9},"1":{"name":"(anonymous_1)","decl":{"start":{"line":19,"column":20},"end":{"line":19,"column":21}},"loc":{"start":{"line":19,"column":31},"end":{"line":21,"column":9}},"line":19},"2":{"name":"(anonymous_2)","decl":{"start":{"line":22,"column":20},"end":{"line":22,"column":21}},"loc":{"start":{"line":22,"column":31},"end":{"line":30,"column":9}},"line":22}},"branchMap":{},"s":{"0":2,"1":0,"2":0,"3":0,"4":2},"f":{"0":0,"1":0,"2":0},"b":{},"_coverageSchema":"1a1c01bbd47fc00a2c39e90264f33305004495a9","hash":"62c8719276e4be483914bf5123ab84cb81d01d8b"}
,"F:\\ReactProject\\src\\utils\\constants.js": {"path":"F:\\ReactProject\\src\\utils\\constants.js","statementMap":{"0":{"start":{"line":1,"column":24},"end":{"line":1,"column":107}},"1":{"start":{"line":3,"column":24},"end":{"line":3,"column":143}}},"fnMap":{},"branchMap":{},"s":{"0":3,"1":3},"f":{},"b":{},"_coverageSchema":"1a1c01bbd47fc00a2c39e90264f33305004495a9","hash":"fd6da9019006ef1c6111122173fb8a2e1cc305df"}
,"F:\\ReactProject\\src\\utils\\restaurants.js": {"path":"F:\\ReactProject\\src\\utils\\restaurants.js","statementMap":{"0":{"start":{"line":1,"column":16},"end":{"line":1614,"column":1}}},"fnMap":{},"branchMap":{},"s":{"0":1},"f":{},"b":{},"_coverageSchema":"1a1c01bbd47fc00a2c39e90264f33305004495a9","hash":"1b891ce14690853cd594ee9531ffc7b6b103fbb8"}
,"F:\\ReactProject\\src\\utils\\useOnlineStatus.js": {"path":"F:\\ReactProject\\src\\utils\\useOnlineStatus.js","statementMap":{"0":{"start":{"line":4,"column":24},"end":{"line":20,"column":1}},"1":{"start":{"line":6,"column":43},"end":{"line":6,"column":57}},"2":{"start":{"line":8,"column":4},"end":{"line":16,"column":11}},"3":{"start":{"line":9,"column":8},"end":{"line":11,"column":11}},"4":{"start":{"line":10,"column":12},"end":{"line":10,"column":36}},"5":{"start":{"line":13,"column":8},"end":{"line":15,"column":11}},"6":{"start":{"line":14,"column":12},"end":{"line":14,"column":35}},"7":{"start":{"line":19,"column":4},"end":{"line":19,"column":24}}},"fnMap":{"0":{"name":"(anonymous_0)","decl":{"start":{"line":4,"column":24},"end":{"line":4,"column":25}},"loc":{"start":{"line":4,"column":30},"end":{"line":20,"column":1}},"line":4},"1":{"name":"(anonymous_1)","decl":{"start":{"line":8,"column":15},"end":{"line":8,"column":16}},"loc":{"start":{"line":8,"column":21},"end":{"line":16,"column":5}},"line":8},"2":{"name":"(anonymous_2)","decl":{"start":{"line":9,"column":43},"end":{"line":9,"column":44}},"loc":{"start":{"line":9,"column":48},"end":{"line":11,"column":9}},"line":9},"3":{"name":"(anonymous_3)","decl":{"start":{"line":13,"column":42},"end":{"line":13,"column":43}},"loc":{"start":{"line":13,"column":47},"end":{"line":15,"column":9}},"line":13}},"branchMap":{},"s":{"0":3,"1":13,"2":13,"3":7,"4":0,"5":7,"6":0,"7":13},"f":{"0":13,"1":7,"2":0,"3":0},"b":{},"_coverageSchema":"1a1c01bbd47fc00a2c39e90264f33305004495a9","hash":"51b9298633fff63d282e1d71d3399d1e1b24f19b"}
,"F:\\ReactProject\\src\\utils\\useRestaurantMenu.js": {"path":"F:\\ReactProject\\src\\utils\\useRestaurantMenu.js","statementMap":{"0":{"start":{"line":4,"column":26},"end":{"line":18,"column":1}},"1":{"start":{"line":5,"column":32},"end":{"line":5,"column":46}},"2":{"start":{"line":7,"column":2},"end":{"line":9,"column":9}},"3":{"start":{"line":8,"column":4},"end":{"line":8,"column":16}},"4":{"start":{"line":11,"column":20},"end":{"line":15,"column":3}},"5":{"start":{"line":12,"column":17},"end":{"line":12,"column":46}},"6":{"start":{"line":13,"column":17},"end":{"line":13,"column":34}},"7":{"start":{"line":14,"column":4},"end":{"line":14,"column":26}},"8":{"start":{"line":17,"column":2},"end":{"line":17,"column":17}}},"fnMap":{"0":{"name":"(anonymous_0)","decl":{"start":{"line":4,"column":26},"end":{"line":4,"column":27}},"loc":{"start":{"line":4,"column":37},"end":{"line":18,"column":1}},"line":4},"1":{"name":"(anonymous_1)","decl":{"start":{"line":7,"column":12},"end":{"line":7,"column":13}},"loc":{"start":{"line":7,"column":18},"end":{"line":9,"column":3}},"line":7},"2":{"name":"(anonymous_2)","decl":{"start":{"line":11,"column":20},"end":{"line":11,"column":21}},"loc":{"start":{"line":11,"column":32},"end":{"line":15,"column":3}},"line":11}},"branchMap":{},"s":{"0":1,"1":1,"2":1,"3":1,"4":1,"5":1,"6":1,"7":1,"8":1},"f":{"0":1,"1":1,"2":1},"b":{},"_coverageSchema":"1a1c01bbd47fc00a2c39e90264f33305004495a9","hash":"66eeab9e488a39b6c8e3099222b9decbcdd90cf7"}
}
